#
# A fatal error has been detected by the Java Runtime Environment:
#
#  EXCEPTION_ACCESS_VIOLATION (0xc0000005) at pc=0x00007ffa8a5b7fa5, pid=18472, tid=9000
#
# JRE version: OpenJDK Runtime Environment (18.0.2.1+1) (build 18.0.2.1+1-1)
# Java VM: OpenJDK 64-Bit Server VM (18.0.2.1+1-1, mixed mode, sharing, tiered, compressed oops, compressed class ptrs, g1 gc, windows-amd64)
# Problematic frame:
# V  [jvm.dll+0x3f7fa5]
#
# No core dump will be written. Minidumps are not enabled by default on client versions of Windows
#
# If you would like to submit a bug report, please visit:
#   https://bugreport.java.com/bugreport/crash.jsp
#

---------------  S U M M A R Y ------------

Command Line: -javaagent:C:\Program Files\JetBrains\IntelliJ IDEA Community Edition 2022.2.1\lib\idea_rt.jar=62869:C:\Program Files\JetBrains\IntelliJ IDEA Community Edition 2022.2.1\bin -Dfile.encoding=UTF-8 -Dsun.stdout.encoding=UTF-8 -Dsun.stderr.encoding=UTF-8 Main

Host: 11th Gen Intel(R) Core(TM) i7-1165G7 @ 2.80GHz, 8 cores, 15G,  Windows 10 , 64 bit Build 19041 (10.0.19041.207)
Time: Thu Oct 27 01:04:12 2022  Windows 10 , 64 bit Build 19041 (10.0.19041.207) elapsed time: 0.466820 seconds (0d 0h 0m 0s)

---------------  T H R E A D  ---------------

Current thread (0x000002ef6bcb2b10):  JavaThread "main" [_thread_in_vm, id=9000, stack(0x000000ff2f500000,0x000000ff2f600000)]

Stack: [0x000000ff2f500000,0x000000ff2f600000],  sp=0x000000ff2f5feac0,  free space=1018k
Native frames: (J=compiled Java code, j=interpreted, Vv=VM code, C=native code)
V  [jvm.dll+0x3f7fa5]
C  [sqljdbc_auth.dll+0x6777]

Java frames: (J=compiled Java code, j=interpreted, Vv=VM code)
j  com.microsoft.sqlserver.jdbc.AuthenticationJNI.SNISecGenClientContext([B[I[BI[B[I[ZLjava/lang/String;Ljava/lang/String;Ljava/lang/String;Ljava/util/logging/Logger;)I+0
j  com.microsoft.sqlserver.jdbc.AuthenticationJNI.GenerateClientContext([BI[B[I[Z)I+24
j  com.microsoft.sqlserver.jdbc.SQLServerConnection.SSPIData([B[B[I[ZLcom/microsoft/sqlserver/jdbc/AuthenticationJNI;)V+13
j  com.microsoft.sqlserver.jdbc.SQLServerConnection.sendLogon(Lcom/microsoft/sqlserver/jdbc/SQLServerConnection$LogonCommand;Lcom/microsoft/sqlserver/jdbc/AuthenticationJNI;)V+151
j  com.microsoft.sqlserver.jdbc.SQLServerConnection.logon(Lcom/microsoft/sqlserver/jdbc/SQLServerConnection$LogonCommand;)V+20
j  com.microsoft.sqlserver.jdbc.SQLServerConnection.access$000(Lcom/microsoft/sqlserver/jdbc/SQLServerConnection;Lcom/microsoft/sqlserver/jdbc/SQLServerConnection$LogonCommand;)V+2
j  com.microsoft.sqlserver.jdbc.SQLServerConnection$LogonCommand.doExecute()Z+5
j  com.microsoft.sqlserver.jdbc.TDSCommand.execute(Lcom/microsoft/sqlserver/jdbc/TDSWriter;Lcom/microsoft/sqlserver/jdbc/TDSReader;)Z+30
j  com.microsoft.sqlserver.jdbc.SQLServerConnection.executeCommand(Lcom/microsoft/sqlserver/jdbc/TDSCommand;)Z+45
j  com.microsoft.sqlserver.jdbc.SQLServerConnection.connectHelper(Lcom/microsoft/sqlserver/jdbc/ServerPortPlaceHolder;II)V+284
j  com.microsoft.sqlserver.jdbc.SQLServerConnection.login(Ljava/lang/String;Ljava/lang/String;ILjava/lang/String;Lcom/microsoft/sqlserver/jdbc/FailoverInfo;IJ)V+399
j  com.microsoft.sqlserver.jdbc.SQLServerConnection.connect(Ljava/util/Properties;Lcom/microsoft/sqlserver/jdbc/SQLServerPooledConnection;)Ljava/sql/Connection;+1736
j  com.microsoft.sqlserver.jdbc.SQLServerDriver.connect(Ljava/lang/String;Ljava/util/Properties;)Ljava/sql/Connection;+45
j  java.sql.DriverManager.getConnection(Ljava/lang/String;Ljava/util/Properties;Ljava/lang/Class;)Ljava/sql/Connection;+133 java.sql@18.0.2.1
j  java.sql.DriverManager.getConnection(Ljava/lang/String;)Ljava/sql/Connection;+13 java.sql@18.0.2.1
j  Main.main([Ljava/lang/String;)V+4
v  ~StubRoutines::call_stub

siginfo: EXCEPTION_ACCESS_VIOLATION (0xc0000005), reading address 0x0000000000000008


Register to memory mapping:

RIP=0x00007ffa8a5b7fa5 jvm.dll
RAX=0x0 is NULL
RBX=0x000002ef6bcb2b10 is a thread
RCX=0x000000ff2f5fedd0 is pointing into the stack for thread: 0x000002ef6bcb2b10
RDX=0x000000ff2f5fedd0 is pointing into the stack for thread: 0x000002ef6bcb2b10
RSP=0x000000ff2f5feac0 is pointing into the stack for thread: 0x000002ef6bcb2b10
RBP=0x000000ff2f5fec10 is pointing into the stack for thread: 0x000002ef6bcb2b10
RSI=0x000000ff2f5fedd0 is pointing into the stack for thread: 0x000002ef6bcb2b10
RDI=0x0 is NULL
R8 =0x0000000712a255b0 is an oop: java.lang.String 
{0x0000000712a255b0} - klass: 'java/lang/String'
 - string: "AuthenticationJNI_SNISecGenClientContext called"
 - ---- fields (total size 3 words):
 - private 'hash' 'I' @12  0
 - private final 'coder' 'B' @16  0
 - private 'hashIsZero' 'Z' @17  false
 - abstract internal 'flags' 'B' @18  0
 - private final synchronized 'value' '[B' @20  [B{0x0000000712a255c8} (e2544ab9)
R9 =0x0 is NULL
R10=0x00007ffae6930000 VCRUNTIME140.dll
R11=0x00007ffae69315d1 VCRUNTIME140.dll
R12=0x000000ff2f5fee50 is pointing into the stack for thread: 0x000002ef6bcb2b10
R13=0x0 is NULL
R14=0x000000ff2f5fee48 is pointing into the stack for thread: 0x000002ef6bcb2b10
R15=0x0 is NULL


Registers:
RAX=0x0000000000000000, RBX=0x000002ef6bcb2b10, RCX=0x000000ff2f5fedd0, RDX=0x000000ff2f5fedd0
RSP=0x000000ff2f5feac0, RBP=0x000000ff2f5fec10, RSI=0x000000ff2f5fedd0, RDI=0x0000000000000000
R8 =0x0000000712a255b0, R9 =0x0000000000000000, R10=0x00007ffae6930000, R11=0x00007ffae69315d1
R12=0x000000ff2f5fee50, R13=0x0000000000000000, R14=0x000000ff2f5fee48, R15=0x0000000000000000
RIP=0x00007ffa8a5b7fa5, EFLAGS=0x0000000000010202

Top of Stack: (sp=0x000000ff2f5feac0)
0x000000ff2f5feac0:   000002ef6bcb2b10 000000ff2f5fec10
0x000000ff2f5fead0:   0000000000000000 00007ffa8a000000
0x000000ff2f5feae0:   000002ef6bcb2b10 0000000000000000
0x000000ff2f5feaf0:   0000000000000000 000002ef000245f7
0x000000ff2f5feb00:   000002ef7f2c8a10 00007ffad55a6777
0x000000ff2f5feb10:   000002ef6bcb2da0 000000ff2f5fedd0
0x000000ff2f5feb20:   000002ef00024500 000002ef6b010000
0x000000ff2f5feb30:   000000ff2f5fea90 0000000000000000
0x000000ff2f5feb40:   0000000000000000 0000000000000000
0x000000ff2f5feb50:   0000000000000000 0000000000000000
0x000000ff2f5feb60:   0000000000000000 0000000000000000
0x000000ff2f5feb70:   0000000000000000 0000000000000000
0x000000ff2f5feb80:   000000ff00000000 0000000000000000
0x000000ff2f5feb90:   0000000000000000 0000000000000000
0x000000ff2f5feba0:   000000ff2f5fee18 0000000000000000
0x000000ff2f5febb0:   000000ff2f5fee30 000000ff2f5fee28 

Instructions: (pc=0x00007ffa8a5b7fa5)
0x00007ffa8a5b7ea5:   48 8b 4f 08 48 89 41 10 48 8b 57 08 48 8b 4f 18
0x00007ffa8a5b7eb5:   48 89 4a 18 48 8b 57 08 48 8b 4f 20 48 89 4a 20
0x00007ffa8a5b7ec5:   48 8d 8b 70 02 00 00 48 8b d3 e8 cc f8 ee ff c7
0x00007ffa8a5b7ed5:   83 30 03 00 00 04 00 00 00 48 8b c6 48 81 c4 c0
0x00007ffa8a5b7ee5:   00 00 00 5f 5e 5b c3 cc cc cc cc 48 89 5c 24 08
0x00007ffa8a5b7ef5:   48 89 74 24 10 57 48 83 ec 40 8b 81 c8 00 00 00
0x00007ffa8a5b7f05:   48 8d 99 70 fd ff ff 05 55 21 ff ff 33 ff 48 8b
0x00007ffa8a5b7f15:   f2 83 f8 01 76 0a 48 8b cb e8 0d 92 3a 00 8b df
0x00007ffa8a5b7f25:   c7 83 30 03 00 00 06 00 00 00 e8 bc 28 29 00 48
0x00007ffa8a5b7f35:   8b 83 38 03 00 00 a8 01 74 0a b2 01 48 8b cb e8
0x00007ffa8a5b7f45:   37 0c 30 00 8b 83 20 03 00 00 a8 0d 74 0a 33 d2
0x00007ffa8a5b7f55:   48 8b cb e8 e3 b8 3a 00 c7 83 30 03 00 00 06 00
0x00007ffa8a5b7f65:   00 00 48 89 5c 24 20 48 89 7c 24 28 48 39 7b 08
0x00007ffa8a5b7f75:   74 0a 48 8d 4c 24 20 e8 3f bb 2c 00 40 f6 c6 01
0x00007ffa8a5b7f85:   74 0c 48 8d 4e ff ff 15 57 59 6c 00 eb 09 48 8b
0x00007ffa8a5b7f95:   ce ff 15 24 a3 6b 00 40 38 3d 86 bb 73 00 74 15
0x00007ffa8a5b7fa5:   8b 40 08 8b 0d 02 7a 6c 00 48 d3 e0 48 03 05 f0
0x00007ffa8a5b7fb5:   79 6c 00 eb 04 48 8b 40 08 48 8b 48 70 48 85 c9
0x00007ffa8a5b7fc5:   74 09 ff 15 f3 a2 6b 00 48 8b f8 45 33 c0 48 8b
0x00007ffa8a5b7fd5:   d7 48 8b cb e8 d2 2d 03 00 48 83 7c 24 28 00 48
0x00007ffa8a5b7fe5:   8b f0 74 0a 48 8d 4c 24 20 e8 4d bb 2c 00 48 8b
0x00007ffa8a5b7ff5:   bb d0 00 00 00 48 8b 4f 10 48 83 39 00 74 0c 48
0x00007ffa8a5b8005:   8b cf e8 84 4d f7 ff 48 8b 4f 10 48 8b 47 08 48
0x00007ffa8a5b8015:   8b d3 48 89 48 10 48 8b 4f 08 48 8b 47 18 48 89
0x00007ffa8a5b8025:   41 18 48 8b 4f 08 48 8b 47 20 48 89 41 20 48 8d
0x00007ffa8a5b8035:   8b 70 02 00 00 e8 61 f7 ee ff c7 83 30 03 00 00
0x00007ffa8a5b8045:   04 00 00 00 48 8b c6 48 8b 5c 24 50 48 8b 74 24
0x00007ffa8a5b8055:   58 48 83 c4 40 5f c3 cc cc cc cc 48 89 5c 24 08
0x00007ffa8a5b8065:   48 89 6c 24 10 48 89 74 24 18 57 48 83 ec 20 8b
0x00007ffa8a5b8075:   81 c8 00 00 00 48 8d 99 70 fd ff ff 05 55 21 ff
0x00007ffa8a5b8085:   ff 49 8b f8 48 8b ea 83 f8 01 76 0a 48 8b cb e8
0x00007ffa8a5b8095:   97 90 3a 00 33 db c7 83 30 03 00 00 06 00 00 00 


Stack slot to memory mapping:
stack at sp + 0 slots: 0x000002ef6bcb2b10 is a thread
stack at sp + 1 slots: 0x000000ff2f5fec10 is pointing into the stack for thread: 0x000002ef6bcb2b10
stack at sp + 2 slots: 0x0 is NULL
stack at sp + 3 slots: 0x00007ffa8a000000 is an unknown value
stack at sp + 4 slots: 0x000002ef6bcb2b10 is a thread
stack at sp + 5 slots: 0x0 is NULL
stack at sp + 6 slots: 0x0 is NULL
stack at sp + 7 slots: 0x000002ef000245f7 is at code_begin+247 in 
[CodeBlob (0x000002ef00024490)]
Framesize: 0
BufferBlob (0x000002ef00024490) used for Signature Handler Temp Buffer


---------------  P R O C E S S  ---------------

Threads class SMR info:
_java_thread_list=0x000002ef13130b50, length=15, elements={
0x000002ef6bcb2b10, 0x000002ef7f2cb140, 0x000002ef7f2cb740, 0x000002ef7f2e4450,
0x000002ef7f2e6920, 0x000002ef7f2e6de0, 0x000002ef7f2efc00, 0x000002ef7f2faa60,
0x000002ef7f2faf60, 0x000002ef7f303450, 0x000002ef7fb5fd90, 0x000002ef7fb60730,
0x000002ef7fb60260, 0x000002ef7febdf60, 0x000002ef13156df0
}

Java Threads: ( => current thread )
=>0x000002ef6bcb2b10 JavaThread "main" [_thread_in_vm, id=9000, stack(0x000000ff2f500000,0x000000ff2f600000)]
  0x000002ef7f2cb140 JavaThread "Reference Handler" daemon [_thread_blocked, id=12776, stack(0x000000ff2fc00000,0x000000ff2fd00000)]
  0x000002ef7f2cb740 JavaThread "Finalizer" daemon [_thread_blocked, id=11488, stack(0x000000ff2fd00000,0x000000ff2fe00000)]
  0x000002ef7f2e4450 JavaThread "Signal Dispatcher" daemon [_thread_blocked, id=332, stack(0x000000ff2fe00000,0x000000ff2ff00000)]
  0x000002ef7f2e6920 JavaThread "Attach Listener" daemon [_thread_blocked, id=15612, stack(0x000000ff2ff00000,0x000000ff30000000)]
  0x000002ef7f2e6de0 JavaThread "Service Thread" daemon [_thread_blocked, id=2356, stack(0x000000ff30000000,0x000000ff30100000)]
  0x000002ef7f2efc00 JavaThread "Monitor Deflation Thread" daemon [_thread_blocked, id=3852, stack(0x000000ff30100000,0x000000ff30200000)]
  0x000002ef7f2faa60 JavaThread "C2 CompilerThread0" daemon [_thread_blocked, id=6812, stack(0x000000ff30200000,0x000000ff30300000)]
  0x000002ef7f2faf60 JavaThread "C1 CompilerThread0" daemon [_thread_blocked, id=1488, stack(0x000000ff30300000,0x000000ff30400000)]
  0x000002ef7f303450 JavaThread "Sweeper thread" daemon [_thread_blocked, id=14028, stack(0x000000ff30400000,0x000000ff30500000)]
  0x000002ef7fb5fd90 JavaThread "Common-Cleaner" daemon [_thread_blocked, id=11592, stack(0x000000ff30500000,0x000000ff30600000)]
  0x000002ef7fb60730 JavaThread "Monitor Ctrl-Break" daemon [_thread_in_native, id=6348, stack(0x000000ff30600000,0x000000ff30700000)]
  0x000002ef7fb60260 JavaThread "Notification Thread" daemon [_thread_blocked, id=12704, stack(0x000000ff30700000,0x000000ff30800000)]
  0x000002ef7febdf60 JavaThread "C2 CompilerThread1" daemon [_thread_blocked, id=11948, stack(0x000000ff30900000,0x000000ff30a00000)]
  0x000002ef13156df0 JavaThread "C2 CompilerThread2" daemon [_thread_blocked, id=19568, stack(0x000000ff30b00000,0x000000ff30c00000)]

Other Threads:
  0x000002ef6bd3ee90 VMThread "VM Thread" [stack: 0x000000ff2fb00000,0x000000ff2fc00000] [id=14444]
  0x000002ef6bcb39c0 WatcherThread "VM Periodic Task Thread" [stack: 0x000000ff30800000,0x000000ff30900000] [id=15848]
  0x000002ef6bd20500 WorkerThread "GC Thread#0" [stack: 0x000000ff2f600000,0x000000ff2f700000] [id=4976]
  0x000002ef6bd32fb0 ConcurrentGCThread "G1 Main Marker" [stack: 0x000000ff2f700000,0x000000ff2f800000] [id=1964]
  0x000002ef6bd338b0 WorkerThread "G1 Conc#0" [stack: 0x000000ff2f800000,0x000000ff2f900000] [id=19680]
  0x000002ef6bd6ae10 ConcurrentGCThread "G1 Refine#0" [stack: 0x000000ff2f900000,0x000000ff2fa00000] [id=8824]
  0x000002ef6bd6d650 ConcurrentGCThread "G1 Service" [stack: 0x000000ff2fa00000,0x000000ff2fb00000] [id=3012]

Threads with active compile tasks:

VM state: not at safepoint (normal execution)

VM Mutex/Monitor currently owned by a thread: None

Heap address: 0x0000000703a00000, size: 4038 MB, Compressed Oops mode: Zero based, Oop shift amount: 3

CDS archive(s) mapped at: [0x0000000800000000-0x0000000800ba0000-0x0000000800ba0000), size 12189696, SharedBaseAddress: 0x0000000800000000, ArchiveRelocationMode: 0.
Compressed class space mapped at: 0x0000000800c00000-0x0000000840c00000, reserved size: 1073741824
Narrow klass base: 0x0000000800000000, Narrow klass shift: 0, Narrow klass range: 0x100000000

GC Precious Log:
 CardTable entry size: 512
 Card Set container configuration: InlinePtr #cards 4 size 8 Array Of Cards #cards 16 size 48 Howl #buckets 8 coarsen threshold 3686 Howl Bitmap #cards 512 size 80 coarsen threshold 460 Card regions per heap region 1 cards per card region 4096
 CPUs: 8 total, 8 available
 Memory: 16149M
 Large Page Support: Disabled
 NUMA Support: Disabled
 Compressed Oops: Enabled (Zero based)
 Heap Region Size: 2M
 Heap Min Capacity: 8M
 Heap Initial Capacity: 254M
 Heap Max Capacity: 4038M
 Pre-touch: Disabled
 Parallel Workers: 8
 Concurrent Workers: 2
 Concurrent Refinement Workers: 8
 Periodic GC: Disabled

Heap:
 garbage-first heap   total 260096K, used 12288K [0x0000000703a00000, 0x0000000800000000)
  region size 2048K, 7 young (14336K), 0 survivors (0K)
 Metaspace       used 7961K, committed 8128K, reserved 1114112K
  class space    used 829K, committed 896K, reserved 1048576K

Heap Regions: E=young(eden), S=young(survivor), O=old, HS=humongous(starts), HC=humongous(continues), CS=collection set, F=free, OA=open archive, CA=closed archive, TAMS=top-at-mark-start (previous, next)
|   0|0x0000000703a00000, 0x0000000703a00000, 0x0000000703c00000|  0%| F|  |TAMS 0x0000000703a00000, 0x0000000703a00000| Untracked 
|   1|0x0000000703c00000, 0x0000000703c00000, 0x0000000703e00000|  0%| F|  |TAMS 0x0000000703c00000, 0x0000000703c00000| Untracked 
|   2|0x0000000703e00000, 0x0000000703e00000, 0x0000000704000000|  0%| F|  |TAMS 0x0000000703e00000, 0x0000000703e00000| Untracked 
|   3|0x0000000704000000, 0x0000000704000000, 0x0000000704200000|  0%| F|  |TAMS 0x0000000704000000, 0x0000000704000000| Untracked 
|   4|0x0000000704200000, 0x0000000704200000, 0x0000000704400000|  0%| F|  |TAMS 0x0000000704200000, 0x0000000704200000| Untracked 
|   5|0x0000000704400000, 0x0000000704400000, 0x0000000704600000|  0%| F|  |TAMS 0x0000000704400000, 0x0000000704400000| Untracked 
|   6|0x0000000704600000, 0x0000000704600000, 0x0000000704800000|  0%| F|  |TAMS 0x0000000704600000, 0x0000000704600000| Untracked 
|   7|0x0000000704800000, 0x0000000704800000, 0x0000000704a00000|  0%| F|  |TAMS 0x0000000704800000, 0x0000000704800000| Untracked 
|   8|0x0000000704a00000, 0x0000000704a00000, 0x0000000704c00000|  0%| F|  |TAMS 0x0000000704a00000, 0x0000000704a00000| Untracked 
|   9|0x0000000704c00000, 0x0000000704c00000, 0x0000000704e00000|  0%| F|  |TAMS 0x0000000704c00000, 0x0000000704c00000| Untracked 
|  10|0x0000000704e00000, 0x0000000704e00000, 0x0000000705000000|  0%| F|  |TAMS 0x0000000704e00000, 0x0000000704e00000| Untracked 
|  11|0x0000000705000000, 0x0000000705000000, 0x0000000705200000|  0%| F|  |TAMS 0x0000000705000000, 0x0000000705000000| Untracked 
|  12|0x0000000705200000, 0x0000000705200000, 0x0000000705400000|  0%| F|  |TAMS 0x0000000705200000, 0x0000000705200000| Untracked 
|  13|0x0000000705400000, 0x0000000705400000, 0x0000000705600000|  0%| F|  |TAMS 0x0000000705400000, 0x0000000705400000| Untracked 
|  14|0x0000000705600000, 0x0000000705600000, 0x0000000705800000|  0%| F|  |TAMS 0x0000000705600000, 0x0000000705600000| Untracked 
|  15|0x0000000705800000, 0x0000000705800000, 0x0000000705a00000|  0%| F|  |TAMS 0x0000000705800000, 0x0000000705800000| Untracked 
|  16|0x0000000705a00000, 0x0000000705a00000, 0x0000000705c00000|  0%| F|  |TAMS 0x0000000705a00000, 0x0000000705a00000| Untracked 
|  17|0x0000000705c00000, 0x0000000705c00000, 0x0000000705e00000|  0%| F|  |TAMS 0x0000000705c00000, 0x0000000705c00000| Untracked 
|  18|0x0000000705e00000, 0x0000000705e00000, 0x0000000706000000|  0%| F|  |TAMS 0x0000000705e00000, 0x0000000705e00000| Untracked 
|  19|0x0000000706000000, 0x0000000706000000, 0x0000000706200000|  0%| F|  |TAMS 0x0000000706000000, 0x0000000706000000| Untracked 
|  20|0x0000000706200000, 0x0000000706200000, 0x0000000706400000|  0%| F|  |TAMS 0x0000000706200000, 0x0000000706200000| Untracked 
|  21|0x0000000706400000, 0x0000000706400000, 0x0000000706600000|  0%| F|  |TAMS 0x0000000706400000, 0x0000000706400000| Untracked 
|  22|0x0000000706600000, 0x0000000706600000, 0x0000000706800000|  0%| F|  |TAMS 0x0000000706600000, 0x0000000706600000| Untracked 
|  23|0x0000000706800000, 0x0000000706800000, 0x0000000706a00000|  0%| F|  |TAMS 0x0000000706800000, 0x0000000706800000| Untracked 
|  24|0x0000000706a00000, 0x0000000706a00000, 0x0000000706c00000|  0%| F|  |TAMS 0x0000000706a00000, 0x0000000706a00000| Untracked 
|  25|0x0000000706c00000, 0x0000000706c00000, 0x0000000706e00000|  0%| F|  |TAMS 0x0000000706c00000, 0x0000000706c00000| Untracked 
|  26|0x0000000706e00000, 0x0000000706e00000, 0x0000000707000000|  0%| F|  |TAMS 0x0000000706e00000, 0x0000000706e00000| Untracked 
|  27|0x0000000707000000, 0x0000000707000000, 0x0000000707200000|  0%| F|  |TAMS 0x0000000707000000, 0x0000000707000000| Untracked 
|  28|0x0000000707200000, 0x0000000707200000, 0x0000000707400000|  0%| F|  |TAMS 0x0000000707200000, 0x0000000707200000| Untracked 
|  29|0x0000000707400000, 0x0000000707400000, 0x0000000707600000|  0%| F|  |TAMS 0x0000000707400000, 0x0000000707400000| Untracked 
|  30|0x0000000707600000, 0x0000000707600000, 0x0000000707800000|  0%| F|  |TAMS 0x0000000707600000, 0x0000000707600000| Untracked 
|  31|0x0000000707800000, 0x0000000707800000, 0x0000000707a00000|  0%| F|  |TAMS 0x0000000707800000, 0x0000000707800000| Untracked 
|  32|0x0000000707a00000, 0x0000000707a00000, 0x0000000707c00000|  0%| F|  |TAMS 0x0000000707a00000, 0x0000000707a00000| Untracked 
|  33|0x0000000707c00000, 0x0000000707c00000, 0x0000000707e00000|  0%| F|  |TAMS 0x0000000707c00000, 0x0000000707c00000| Untracked 
|  34|0x0000000707e00000, 0x0000000707e00000, 0x0000000708000000|  0%| F|  |TAMS 0x0000000707e00000, 0x0000000707e00000| Untracked 
|  35|0x0000000708000000, 0x0000000708000000, 0x0000000708200000|  0%| F|  |TAMS 0x0000000708000000, 0x0000000708000000| Untracked 
|  36|0x0000000708200000, 0x0000000708200000, 0x0000000708400000|  0%| F|  |TAMS 0x0000000708200000, 0x0000000708200000| Untracked 
|  37|0x0000000708400000, 0x0000000708400000, 0x0000000708600000|  0%| F|  |TAMS 0x0000000708400000, 0x0000000708400000| Untracked 
|  38|0x0000000708600000, 0x0000000708600000, 0x0000000708800000|  0%| F|  |TAMS 0x0000000708600000, 0x0000000708600000| Untracked 
|  39|0x0000000708800000, 0x0000000708800000, 0x0000000708a00000|  0%| F|  |TAMS 0x0000000708800000, 0x0000000708800000| Untracked 
|  40|0x0000000708a00000, 0x0000000708a00000, 0x0000000708c00000|  0%| F|  |TAMS 0x0000000708a00000, 0x0000000708a00000| Untracked 
|  41|0x0000000708c00000, 0x0000000708c00000, 0x0000000708e00000|  0%| F|  |TAMS 0x0000000708c00000, 0x0000000708c00000| Untracked 
|  42|0x0000000708e00000, 0x0000000708e00000, 0x0000000709000000|  0%| F|  |TAMS 0x0000000708e00000, 0x0000000708e00000| Untracked 
|  43|0x0000000709000000, 0x0000000709000000, 0x0000000709200000|  0%| F|  |TAMS 0x0000000709000000, 0x0000000709000000| Untracked 
|  44|0x0000000709200000, 0x0000000709200000, 0x0000000709400000|  0%| F|  |TAMS 0x0000000709200000, 0x0000000709200000| Untracked 
|  45|0x0000000709400000, 0x0000000709400000, 0x0000000709600000|  0%| F|  |TAMS 0x0000000709400000, 0x0000000709400000| Untracked 
|  46|0x0000000709600000, 0x0000000709600000, 0x0000000709800000|  0%| F|  |TAMS 0x0000000709600000, 0x0000000709600000| Untracked 
|  47|0x0000000709800000, 0x0000000709800000, 0x0000000709a00000|  0%| F|  |TAMS 0x0000000709800000, 0x0000000709800000| Untracked 
|  48|0x0000000709a00000, 0x0000000709a00000, 0x0000000709c00000|  0%| F|  |TAMS 0x0000000709a00000, 0x0000000709a00000| Untracked 
|  49|0x0000000709c00000, 0x0000000709c00000, 0x0000000709e00000|  0%| F|  |TAMS 0x0000000709c00000, 0x0000000709c00000| Untracked 
|  50|0x0000000709e00000, 0x0000000709e00000, 0x000000070a000000|  0%| F|  |TAMS 0x0000000709e00000, 0x0000000709e00000| Untracked 
|  51|0x000000070a000000, 0x000000070a000000, 0x000000070a200000|  0%| F|  |TAMS 0x000000070a000000, 0x000000070a000000| Untracked 
|  52|0x000000070a200000, 0x000000070a200000, 0x000000070a400000|  0%| F|  |TAMS 0x000000070a200000, 0x000000070a200000| Untracked 
|  53|0x000000070a400000, 0x000000070a400000, 0x000000070a600000|  0%| F|  |TAMS 0x000000070a400000, 0x000000070a400000| Untracked 
|  54|0x000000070a600000, 0x000000070a600000, 0x000000070a800000|  0%| F|  |TAMS 0x000000070a600000, 0x000000070a600000| Untracked 
|  55|0x000000070a800000, 0x000000070a800000, 0x000000070aa00000|  0%| F|  |TAMS 0x000000070a800000, 0x000000070a800000| Untracked 
|  56|0x000000070aa00000, 0x000000070aa00000, 0x000000070ac00000|  0%| F|  |TAMS 0x000000070aa00000, 0x000000070aa00000| Untracked 
|  57|0x000000070ac00000, 0x000000070ac00000, 0x000000070ae00000|  0%| F|  |TAMS 0x000000070ac00000, 0x000000070ac00000| Untracked 
|  58|0x000000070ae00000, 0x000000070ae00000, 0x000000070b000000|  0%| F|  |TAMS 0x000000070ae00000, 0x000000070ae00000| Untracked 
|  59|0x000000070b000000, 0x000000070b000000, 0x000000070b200000|  0%| F|  |TAMS 0x000000070b000000, 0x000000070b000000| Untracked 
|  60|0x000000070b200000, 0x000000070b200000, 0x000000070b400000|  0%| F|  |TAMS 0x000000070b200000, 0x000000070b200000| Untracked 
|  61|0x000000070b400000, 0x000000070b400000, 0x000000070b600000|  0%| F|  |TAMS 0x000000070b400000, 0x000000070b400000| Untracked 
|  62|0x000000070b600000, 0x000000070b600000, 0x000000070b800000|  0%| F|  |TAMS 0x000000070b600000, 0x000000070b600000| Untracked 
|  63|0x000000070b800000, 0x000000070b800000, 0x000000070ba00000|  0%| F|  |TAMS 0x000000070b800000, 0x000000070b800000| Untracked 
|  64|0x000000070ba00000, 0x000000070ba00000, 0x000000070bc00000|  0%| F|  |TAMS 0x000000070ba00000, 0x000000070ba00000| Untracked 
|  65|0x000000070bc00000, 0x000000070bc00000, 0x000000070be00000|  0%| F|  |TAMS 0x000000070bc00000, 0x000000070bc00000| Untracked 
|  66|0x000000070be00000, 0x000000070be00000, 0x000000070c000000|  0%| F|  |TAMS 0x000000070be00000, 0x000000070be00000| Untracked 
|  67|0x000000070c000000, 0x000000070c000000, 0x000000070c200000|  0%| F|  |TAMS 0x000000070c000000, 0x000000070c000000| Untracked 
|  68|0x000000070c200000, 0x000000070c200000, 0x000000070c400000|  0%| F|  |TAMS 0x000000070c200000, 0x000000070c200000| Untracked 
|  69|0x000000070c400000, 0x000000070c400000, 0x000000070c600000|  0%| F|  |TAMS 0x000000070c400000, 0x000000070c400000| Untracked 
|  70|0x000000070c600000, 0x000000070c600000, 0x000000070c800000|  0%| F|  |TAMS 0x000000070c600000, 0x000000070c600000| Untracked 
|  71|0x000000070c800000, 0x000000070c800000, 0x000000070ca00000|  0%| F|  |TAMS 0x000000070c800000, 0x000000070c800000| Untracked 
|  72|0x000000070ca00000, 0x000000070ca00000, 0x000000070cc00000|  0%| F|  |TAMS 0x000000070ca00000, 0x000000070ca00000| Untracked 
|  73|0x000000070cc00000, 0x000000070cc00000, 0x000000070ce00000|  0%| F|  |TAMS 0x000000070cc00000, 0x000000070cc00000| Untracked 
|  74|0x000000070ce00000, 0x000000070ce00000, 0x000000070d000000|  0%| F|  |TAMS 0x000000070ce00000, 0x000000070ce00000| Untracked 
|  75|0x000000070d000000, 0x000000070d000000, 0x000000070d200000|  0%| F|  |TAMS 0x000000070d000000, 0x000000070d000000| Untracked 
|  76|0x000000070d200000, 0x000000070d200000, 0x000000070d400000|  0%| F|  |TAMS 0x000000070d200000, 0x000000070d200000| Untracked 
|  77|0x000000070d400000, 0x000000070d400000, 0x000000070d600000|  0%| F|  |TAMS 0x000000070d400000, 0x000000070d400000| Untracked 
|  78|0x000000070d600000, 0x000000070d600000, 0x000000070d800000|  0%| F|  |TAMS 0x000000070d600000, 0x000000070d600000| Untracked 
|  79|0x000000070d800000, 0x000000070d800000, 0x000000070da00000|  0%| F|  |TAMS 0x000000070d800000, 0x000000070d800000| Untracked 
|  80|0x000000070da00000, 0x000000070da00000, 0x000000070dc00000|  0%| F|  |TAMS 0x000000070da00000, 0x000000070da00000| Untracked 
|  81|0x000000070dc00000, 0x000000070dc00000, 0x000000070de00000|  0%| F|  |TAMS 0x000000070dc00000, 0x000000070dc00000| Untracked 
|  82|0x000000070de00000, 0x000000070de00000, 0x000000070e000000|  0%| F|  |TAMS 0x000000070de00000, 0x000000070de00000| Untracked 
|  83|0x000000070e000000, 0x000000070e000000, 0x000000070e200000|  0%| F|  |TAMS 0x000000070e000000, 0x000000070e000000| Untracked 
|  84|0x000000070e200000, 0x000000070e200000, 0x000000070e400000|  0%| F|  |TAMS 0x000000070e200000, 0x000000070e200000| Untracked 
|  85|0x000000070e400000, 0x000000070e400000, 0x000000070e600000|  0%| F|  |TAMS 0x000000070e400000, 0x000000070e400000| Untracked 
|  86|0x000000070e600000, 0x000000070e600000, 0x000000070e800000|  0%| F|  |TAMS 0x000000070e600000, 0x000000070e600000| Untracked 
|  87|0x000000070e800000, 0x000000070e800000, 0x000000070ea00000|  0%| F|  |TAMS 0x000000070e800000, 0x000000070e800000| Untracked 
|  88|0x000000070ea00000, 0x000000070ea00000, 0x000000070ec00000|  0%| F|  |TAMS 0x000000070ea00000, 0x000000070ea00000| Untracked 
|  89|0x000000070ec00000, 0x000000070ec00000, 0x000000070ee00000|  0%| F|  |TAMS 0x000000070ec00000, 0x000000070ec00000| Untracked 
|  90|0x000000070ee00000, 0x000000070ee00000, 0x000000070f000000|  0%| F|  |TAMS 0x000000070ee00000, 0x000000070ee00000| Untracked 
|  91|0x000000070f000000, 0x000000070f000000, 0x000000070f200000|  0%| F|  |TAMS 0x000000070f000000, 0x000000070f000000| Untracked 
|  92|0x000000070f200000, 0x000000070f200000, 0x000000070f400000|  0%| F|  |TAMS 0x000000070f200000, 0x000000070f200000| Untracked 
|  93|0x000000070f400000, 0x000000070f400000, 0x000000070f600000|  0%| F|  |TAMS 0x000000070f400000, 0x000000070f400000| Untracked 
|  94|0x000000070f600000, 0x000000070f600000, 0x000000070f800000|  0%| F|  |TAMS 0x000000070f600000, 0x000000070f600000| Untracked 
|  95|0x000000070f800000, 0x000000070f800000, 0x000000070fa00000|  0%| F|  |TAMS 0x000000070f800000, 0x000000070f800000| Untracked 
|  96|0x000000070fa00000, 0x000000070fa00000, 0x000000070fc00000|  0%| F|  |TAMS 0x000000070fa00000, 0x000000070fa00000| Untracked 
|  97|0x000000070fc00000, 0x000000070fc00000, 0x000000070fe00000|  0%| F|  |TAMS 0x000000070fc00000, 0x000000070fc00000| Untracked 
|  98|0x000000070fe00000, 0x000000070fe00000, 0x0000000710000000|  0%| F|  |TAMS 0x000000070fe00000, 0x000000070fe00000| Untracked 
|  99|0x0000000710000000, 0x0000000710000000, 0x0000000710200000|  0%| F|  |TAMS 0x0000000710000000, 0x0000000710000000| Untracked 
| 100|0x0000000710200000, 0x0000000710200000, 0x0000000710400000|  0%| F|  |TAMS 0x0000000710200000, 0x0000000710200000| Untracked 
| 101|0x0000000710400000, 0x0000000710400000, 0x0000000710600000|  0%| F|  |TAMS 0x0000000710400000, 0x0000000710400000| Untracked 
| 102|0x0000000710600000, 0x0000000710600000, 0x0000000710800000|  0%| F|  |TAMS 0x0000000710600000, 0x0000000710600000| Untracked 
| 103|0x0000000710800000, 0x0000000710800000, 0x0000000710a00000|  0%| F|  |TAMS 0x0000000710800000, 0x0000000710800000| Untracked 
| 104|0x0000000710a00000, 0x0000000710a00000, 0x0000000710c00000|  0%| F|  |TAMS 0x0000000710a00000, 0x0000000710a00000| Untracked 
| 105|0x0000000710c00000, 0x0000000710c00000, 0x0000000710e00000|  0%| F|  |TAMS 0x0000000710c00000, 0x0000000710c00000| Untracked 
| 106|0x0000000710e00000, 0x0000000710e00000, 0x0000000711000000|  0%| F|  |TAMS 0x0000000710e00000, 0x0000000710e00000| Untracked 
| 107|0x0000000711000000, 0x0000000711000000, 0x0000000711200000|  0%| F|  |TAMS 0x0000000711000000, 0x0000000711000000| Untracked 
| 108|0x0000000711200000, 0x0000000711200000, 0x0000000711400000|  0%| F|  |TAMS 0x0000000711200000, 0x0000000711200000| Untracked 
| 109|0x0000000711400000, 0x0000000711400000, 0x0000000711600000|  0%| F|  |TAMS 0x0000000711400000, 0x0000000711400000| Untracked 
| 110|0x0000000711600000, 0x0000000711600000, 0x0000000711800000|  0%| F|  |TAMS 0x0000000711600000, 0x0000000711600000| Untracked 
| 111|0x0000000711800000, 0x0000000711800000, 0x0000000711a00000|  0%| F|  |TAMS 0x0000000711800000, 0x0000000711800000| Untracked 
| 112|0x0000000711a00000, 0x0000000711a00000, 0x0000000711c00000|  0%| F|  |TAMS 0x0000000711a00000, 0x0000000711a00000| Untracked 
| 113|0x0000000711c00000, 0x0000000711c00000, 0x0000000711e00000|  0%| F|  |TAMS 0x0000000711c00000, 0x0000000711c00000| Untracked 
| 114|0x0000000711e00000, 0x0000000711e00000, 0x0000000712000000|  0%| F|  |TAMS 0x0000000711e00000, 0x0000000711e00000| Untracked 
| 115|0x0000000712000000, 0x0000000712000000, 0x0000000712200000|  0%| F|  |TAMS 0x0000000712000000, 0x0000000712000000| Untracked 
| 116|0x0000000712200000, 0x0000000712200000, 0x0000000712400000|  0%| F|  |TAMS 0x0000000712200000, 0x0000000712200000| Untracked 
| 117|0x0000000712400000, 0x0000000712400000, 0x0000000712600000|  0%| F|  |TAMS 0x0000000712400000, 0x0000000712400000| Untracked 
| 118|0x0000000712600000, 0x0000000712600000, 0x0000000712800000|  0%| F|  |TAMS 0x0000000712600000, 0x0000000712600000| Untracked 
| 119|0x0000000712800000, 0x0000000712800000, 0x0000000712a00000|  0%| F|  |TAMS 0x0000000712800000, 0x0000000712800000| Untracked 
| 120|0x0000000712a00000, 0x0000000712a71260, 0x0000000712c00000| 22%| E|  |TAMS 0x0000000712a00000, 0x0000000712a00000| Complete 
| 121|0x0000000712c00000, 0x0000000712e00000, 0x0000000712e00000|100%| E|CS|TAMS 0x0000000712c00000, 0x0000000712c00000| Complete 
| 122|0x0000000712e00000, 0x0000000713000000, 0x0000000713000000|100%| E|CS|TAMS 0x0000000712e00000, 0x0000000712e00000| Complete 
| 123|0x0000000713000000, 0x0000000713200000, 0x0000000713200000|100%| E|CS|TAMS 0x0000000713000000, 0x0000000713000000| Complete 
| 124|0x0000000713200000, 0x0000000713400000, 0x0000000713400000|100%| E|CS|TAMS 0x0000000713200000, 0x0000000713200000| Complete 
| 125|0x0000000713400000, 0x0000000713600000, 0x0000000713600000|100%| E|CS|TAMS 0x0000000713400000, 0x0000000713400000| Complete 
| 126|0x0000000713600000, 0x0000000713800000, 0x0000000713800000|100%| E|CS|TAMS 0x0000000713600000, 0x0000000713600000| Complete 

Card table byte_map: [0x000002ef74110000,0x000002ef74900000] _byte_map_base: 0x000002ef708f3000

Marking Bits (Prev, Next): (CMBitMap*) 0x000002ef6bd22a30, (CMBitMap*) 0x000002ef6bd22a70
 Prev Bits: [0x000002ef750f0000, 0x000002ef79008000)
 Next Bits: [0x000002ef79010000, 0x000002ef7cf28000)

Polling page: 0x000002ef69ca0000

Metaspace:

Usage:
  Non-class:      6.96 MB used.
      Class:    829.66 KB used.
       Both:      7.77 MB used.

Virtual space:
  Non-class space:       64.00 MB reserved,       7.06 MB ( 11%) committed,  1 nodes.
      Class space:        1.00 GB reserved,     896.00 KB ( <1%) committed,  1 nodes.
             Both:        1.06 GB reserved,       7.94 MB ( <1%) committed. 

Chunk freelists:
   Non-Class:  912.00 KB
       Class:  3.10 MB
        Both:  3.99 MB

MaxMetaspaceSize: unlimited
CompressedClassSpaceSize: 1.00 GB
Initial GC threshold: 21.00 MB
Current GC threshold: 21.00 MB
CDS: on
MetaspaceReclaimPolicy: balanced
 - commit_granule_bytes: 65536.
 - commit_granule_words: 8192.
 - virtual_space_node_default_size: 8388608.
 - enlarge_chunks_in_place: 1.
 - new_chunks_are_fully_committed: 0.
 - uncommit_free_chunks: 1.
 - use_allocation_guard: 0.


Internal statistics:

num_allocs_failed_limit: 0.
num_arena_births: 62.
num_arena_deaths: 0.
num_vsnodes_births: 2.
num_vsnodes_deaths: 0.
num_space_committed: 127.
num_space_uncommitted: 0.
num_chunks_returned_to_freelist: 0.
num_chunks_taken_from_freelist: 123.
num_chunk_merges: 0.
num_chunk_splits: 75.
num_chunks_enlarged: 47.
num_inconsistent_stats: 0.

CodeHeap 'non-profiled nmethods': size=120000Kb used=400Kb max_used=400Kb free=119599Kb
 bounds [0x000002ef07ad0000, 0x000002ef07d40000, 0x000002ef0f000000]
CodeHeap 'profiled nmethods': size=120000Kb used=1817Kb max_used=1817Kb free=118182Kb
 bounds [0x000002ef005a0000, 0x000002ef00810000, 0x000002ef07ad0000]
CodeHeap 'non-nmethods': size=5760Kb used=1219Kb max_used=1244Kb free=4540Kb
 bounds [0x000002ef00000000, 0x000002ef00270000, 0x000002ef005a0000]
 total_blobs=1528 nmethods=1033 adapters=408
 compilation: enabled
              stopped_count=0, restarted_count=0
 full_count=0

Compilation events (20 events):
Event: 0.444 Thread 0x000002ef7f2faf60 1026       3       java.lang.invoke.VarHandleByteArrayAsLongs$ArrayHandle::get (36 bytes)
Event: 0.445 Thread 0x000002ef7f2faf60 nmethod 1026 0x000002ef00764490 code [0x000002ef00764660, 0x000002ef00764aa8]
Event: 0.445 Thread 0x000002ef7f2faf60 1027       3       jdk.internal.misc.Unsafe::getLongUnaligned (12 bytes)
Event: 0.445 Thread 0x000002ef7f2faf60 nmethod 1027 0x000002ef00764c90 code [0x000002ef00764e40, 0x000002ef00765028]
Event: 0.445 Thread 0x000002ef7f2faf60 1029       3       java.lang.Long::reverseBytes (46 bytes)
Event: 0.445 Thread 0x000002ef7f2faf60 nmethod 1029 0x000002ef00765110 code [0x000002ef007652a0, 0x000002ef007653f8]
Event: 0.449 Thread 0x000002ef7f2faa60 nmethod 1022 0x000002ef07b30990 code [0x000002ef07b30b40, 0x000002ef07b311e8]
Event: 0.449 Thread 0x000002ef7f2faa60 1023       4       sun.security.provider.SHA5::lf_ch (13 bytes)
Event: 0.449 Thread 0x000002ef7f2faa60 nmethod 1023 0x000002ef07b31490 code [0x000002ef07b31600, 0x000002ef07b31678]
Event: 0.449 Thread 0x000002ef7f2faa60 1024       4       sun.security.provider.SHA5::lf_maj (14 bytes)
Event: 0.449 Thread 0x000002ef7f2faa60 nmethod 1024 0x000002ef07b31790 code [0x000002ef07b31900, 0x000002ef07b31978]
Event: 0.450 Thread 0x000002ef7f2faf60 1030       3       java.nio.Buffer::remaining (20 bytes)
Event: 0.451 Thread 0x000002ef7f2faf60 nmethod 1030 0x000002ef00765490 code [0x000002ef00765620, 0x000002ef007657b8]
Event: 0.452 Thread 0x000002ef7f2faf60 1031       3       jdk.internal.ref.CleanerImpl::getCleanerImpl (13 bytes)
Event: 0.452 Thread 0x000002ef7f2faf60 nmethod 1031 0x000002ef00765890 code [0x000002ef00765a40, 0x000002ef00765d08]
Event: 0.452 Thread 0x000002ef7f2faf60 1032       3       java.lang.ref.Cleaner$1::apply (9 bytes)
Event: 0.452 Thread 0x000002ef7f2faf60 nmethod 1032 0x000002ef00765e10 code [0x000002ef00765fc0, 0x000002ef00766238]
Event: 0.452 Thread 0x000002ef7f2faf60 1033       3       java.lang.ref.Cleaner$1::apply (5 bytes)
Event: 0.452 Thread 0x000002ef7f2faf60 nmethod 1033 0x000002ef00766310 code [0x000002ef007664a0, 0x000002ef007665b8]
Event: 0.453 Thread 0x000002ef13156df0 nmethod 1017 0x000002ef07b31a90 code [0x000002ef07b31c40, 0x000002ef07b323d8]

GC Heap History (0 events):
No events

Deoptimization events (20 events):
Event: 0.277 Thread 0x000002ef6bcb2b10 DEOPT PACKING pc=0x000002ef07afd098 sp=0x000000ff2f5fde70
Event: 0.277 Thread 0x000002ef6bcb2b10 DEOPT UNPACKING pc=0x000002ef00055c23 sp=0x000000ff2f5fddb8 mode 2
Event: 0.283 Thread 0x000002ef6bcb2b10 Uncommon trap: trap_request=0xffffffde fr.pc=0x000002ef07aff1d4 relative=0x0000000000000c94
Event: 0.283 Thread 0x000002ef6bcb2b10 Uncommon trap: reason=class_check action=maybe_recompile pc=0x000002ef07aff1d4 method=java.util.HashMap.putVal(ILjava/lang/Object;Ljava/lang/Object;ZZ)Ljava/lang/Object; @ 203 c2
Event: 0.283 Thread 0x000002ef6bcb2b10 DEOPT PACKING pc=0x000002ef07aff1d4 sp=0x000000ff2f5fc550
Event: 0.283 Thread 0x000002ef6bcb2b10 DEOPT UNPACKING pc=0x000002ef00055c23 sp=0x000000ff2f5fc500 mode 2
Event: 0.305 Thread 0x000002ef6bcb2b10 Uncommon trap: trap_request=0xffffff45 fr.pc=0x000002ef07afa1fc relative=0x000000000000025c
Event: 0.305 Thread 0x000002ef6bcb2b10 Uncommon trap: reason=unstable_if action=reinterpret pc=0x000002ef07afa1fc method=java.util.StringTokenizer.scanToken(I)I @ 42 c2
Event: 0.305 Thread 0x000002ef6bcb2b10 DEOPT PACKING pc=0x000002ef07afa1fc sp=0x000000ff2f5fc510
Event: 0.305 Thread 0x000002ef6bcb2b10 DEOPT UNPACKING pc=0x000002ef00055c23 sp=0x000000ff2f5fc4a0 mode 2
Event: 0.354 Thread 0x000002ef6bcb2b10 DEOPT PACKING pc=0x000002ef0066ae72 sp=0x000000ff2f5fdb90
Event: 0.354 Thread 0x000002ef6bcb2b10 DEOPT UNPACKING pc=0x000002ef00056763 sp=0x000000ff2f5fd008 mode 0
Event: 0.374 Thread 0x000002ef6bcb2b10 Uncommon trap: trap_request=0xffffff45 fr.pc=0x000002ef07afe764 relative=0x0000000000000224
Event: 0.374 Thread 0x000002ef6bcb2b10 Uncommon trap: reason=unstable_if action=reinterpret pc=0x000002ef07afe764 method=java.util.HashMap.putVal(ILjava/lang/Object;Ljava/lang/Object;ZZ)Ljava/lang/Object; @ 162 c2
Event: 0.374 Thread 0x000002ef6bcb2b10 DEOPT PACKING pc=0x000002ef07afe764 sp=0x000000ff2f5fc1f0
Event: 0.374 Thread 0x000002ef6bcb2b10 DEOPT UNPACKING pc=0x000002ef00055c23 sp=0x000000ff2f5fc1a0 mode 2
Event: 0.384 Thread 0x000002ef6bcb2b10 Uncommon trap: trap_request=0xffffff45 fr.pc=0x000002ef07b14ca4 relative=0x00000000000002e4
Event: 0.384 Thread 0x000002ef6bcb2b10 Uncommon trap: reason=unstable_if action=reinterpret pc=0x000002ef07b14ca4 method=java.util.regex.Pattern$SliceI.match(Ljava/util/regex/Matcher;ILjava/lang/CharSequence;)Z @ 29 c2
Event: 0.384 Thread 0x000002ef6bcb2b10 DEOPT PACKING pc=0x000002ef07b14ca4 sp=0x000000ff2f5fe660
Event: 0.384 Thread 0x000002ef6bcb2b10 DEOPT UNPACKING pc=0x000002ef00055c23 sp=0x000000ff2f5fe5f8 mode 2

Classes loaded (20 events):
Event: 0.448 Loading class com/sun/crypto/provider/CounterMode done
Event: 0.448 Loading class com/sun/crypto/provider/GCTR done
Event: 0.448 Loading class com/sun/crypto/provider/GHASH
Event: 0.448 Loading class com/sun/crypto/provider/GHASH done
Event: 0.448 Loading class com/sun/crypto/provider/GaloisCounterMode$EncryptOp
Event: 0.448 Loading class com/sun/crypto/provider/GaloisCounterMode$GCMOperation
Event: 0.448 Loading class com/sun/crypto/provider/GaloisCounterMode$GCMOperation done
Event: 0.448 Loading class com/sun/crypto/provider/GaloisCounterMode$EncryptOp done
Event: 0.450 Loading class sun/security/ssl/SSLCipher$T12GcmReadCipherGenerator$GcmReadCipher
Event: 0.450 Loading class sun/security/ssl/SSLCipher$T12GcmReadCipherGenerator$GcmReadCipher done
Event: 0.450 Loading class com/sun/crypto/provider/GaloisCounterMode$GCMDecrypt
Event: 0.450 Loading class com/sun/crypto/provider/GaloisCounterMode$GCMDecrypt done
Event: 0.450 Loading class com/sun/crypto/provider/GaloisCounterMode$DecryptOp
Event: 0.450 Loading class com/sun/crypto/provider/GaloisCounterMode$DecryptOp done
Event: 0.451 Loading class jdk/internal/event/TLSHandshakeEvent
Event: 0.451 Loading class jdk/internal/event/TLSHandshakeEvent done
Event: 0.451 Loading class javax/net/ssl/SSLEngineResult$HandshakeStatus
Event: 0.451 Loading class javax/net/ssl/SSLEngineResult$HandshakeStatus done
Event: 0.462 Loading class java/net/InetAddress$CachedLocalHost
Event: 0.462 Loading class java/net/InetAddress$CachedLocalHost done

Classes unloaded (0 events):
No events

Classes redefined (0 events):
No events

Internal exceptions (8 events):
Event: 0.076 Thread 0x000002ef6bcb2b10 Exception <a 'java/lang/NoSuchMethodError'{0x000000071342e988}: 'void java.lang.invoke.DirectMethodHandle$Holder.invokeStatic(java.lang.Object, java.lang.Object, java.lang.Object)'> (0x000000071342e988) 
thrown [s\open\src\hotspot\share\interpreter\linkResolver.cpp, line 759]
Event: 0.081 Thread 0x000002ef6bcb2b10 Exception <a 'java/lang/NoSuchMethodError'{0x00000007134476a0}: 'java.lang.Object java.lang.invoke.Invokers$Holder.invokeExact_MT(java.lang.Object, java.lang.Object, java.lang.Object, java.lang.Object, java.lang.Object)'> (0x00000007134476a0) 
thrown [s\open\src\hotspot\share\interpreter\linkResolver.cpp, line 759]
Event: 0.093 Thread 0x000002ef7fb60730 Exception <a 'java/lang/NoSuchMethodError'{0x0000000713478018}: 'void java.lang.invoke.DirectMethodHandle$Holder.invokeStatic(java.lang.Object, java.lang.Object)'> (0x0000000713478018) 
thrown [s\open\src\hotspot\share\interpreter\linkResolver.cpp, line 759]
Event: 0.231 Thread 0x000002ef6bcb2b10 Exception <a 'java/lang/NoSuchMethodError'{0x0000000713139748}: 'java.lang.Object java.lang.invoke.DirectMethodHandle$Holder.invokeStaticInit(java.lang.Object)'> (0x0000000713139748) 
thrown [s\open\src\hotspot\share\interpreter\linkResolver.cpp, line 759]
Event: 0.232 Thread 0x000002ef6bcb2b10 Exception <a 'java/lang/NoSuchMethodError'{0x000000071313fb28}: 'java.lang.Object java.lang.invoke.DirectMethodHandle$Holder.invokeInterface(java.lang.Object, java.lang.Object)'> (0x000000071313fb28) 
thrown [s\open\src\hotspot\share\interpreter\linkResolver.cpp, line 759]
Event: 0.290 Thread 0x000002ef6bcb2b10 Exception <a 'sun/nio/fs/WindowsException'{0x0000000712e983c0}> (0x0000000712e983c0) 
thrown [s\open\src\hotspot\share\prims\jni.cpp, line 516]
Event: 0.326 Thread 0x000002ef6bcb2b10 Exception <a 'java/lang/NoSuchMethodError'{0x0000000712fda030}: 'java.lang.Object java.lang.invoke.DirectMethodHandle$Holder.invokeStaticInit(java.lang.Object, int, int, int, int)'> (0x0000000712fda030) 
thrown [s\open\src\hotspot\share\interpreter\linkResolver.cpp, line 759]
Event: 0.356 Thread 0x000002ef6bcb2b10 Exception <a 'java/lang/NoSuchMethodError'{0x0000000712c95fb8}: 'java.lang.Object java.lang.invoke.DirectMethodHandle$Holder.invokeStaticInit(java.lang.Object, java.lang.Object, int, int, int, int)'> (0x0000000712c95fb8) 
thrown [s\open\src\hotspot\share\interpreter\linkResolver.cpp, line 759]

VM Operations (10 events):
Event: 0.050 Executing VM operation: HandshakeAllThreads
Event: 0.051 Executing VM operation: HandshakeAllThreads done
Event: 0.087 Executing VM operation: HandshakeAllThreads
Event: 0.087 Executing VM operation: HandshakeAllThreads done
Event: 0.125 Executing VM operation: HandshakeAllThreads
Event: 0.125 Executing VM operation: HandshakeAllThreads done
Event: 0.361 Executing VM operation: HandshakeAllThreads
Event: 0.361 Executing VM operation: HandshakeAllThreads done
Event: 0.421 Executing VM operation: ICBufferFull
Event: 0.422 Executing VM operation: ICBufferFull done

Events (20 events):
Event: 0.025 Thread 0x000002ef7f2e6920 Thread added: 0x000002ef7f2e6920
Event: 0.025 Thread 0x000002ef7f2e6de0 Thread added: 0x000002ef7f2e6de0
Event: 0.025 Thread 0x000002ef7f2efc00 Thread added: 0x000002ef7f2efc00
Event: 0.025 Thread 0x000002ef7f2faa60 Thread added: 0x000002ef7f2faa60
Event: 0.025 Thread 0x000002ef7f2faf60 Thread added: 0x000002ef7f2faf60
Event: 0.025 Thread 0x000002ef7f303450 Thread added: 0x000002ef7f303450
Event: 0.044 Thread 0x000002ef7fb5fd90 Thread added: 0x000002ef7fb5fd90
Event: 0.061 Loaded shared library C:\Users\admin\.jdks\openjdk-18.0.2.1\bin\zip.dll
Event: 0.063 Loaded shared library C:\Users\admin\.jdks\openjdk-18.0.2.1\bin\instrument.dll
Event: 0.067 Loaded shared library C:\Users\admin\.jdks\openjdk-18.0.2.1\bin\net.dll
Event: 0.069 Loaded shared library C:\Users\admin\.jdks\openjdk-18.0.2.1\bin\nio.dll
Event: 0.072 Loaded shared library C:\Users\admin\.jdks\openjdk-18.0.2.1\bin\zip.dll
Event: 0.084 Loaded shared library C:\Program Files\JetBrains\IntelliJ IDEA Community Edition 2022.2.1\bin\breakgen64.dll
Event: 0.085 Thread 0x000002ef7fb60730 Thread added: 0x000002ef7fb60730
Event: 0.085 Thread 0x000002ef7fb60260 Thread added: 0x000002ef7fb60260
Event: 0.087 Loaded shared library C:\Users\admin\.jdks\openjdk-18.0.2.1\bin\jimage.dll
Event: 0.203 Thread 0x000002ef7febdf60 Thread added: 0x000002ef7febdf60
Event: 0.370 Loaded shared library C:\Users\admin\.jdks\openjdk-18.0.2.1\bin\sunmscapi.dll
Event: 0.417 Thread 0x000002ef13156df0 Thread added: 0x000002ef13156df0
Event: 0.455 Loaded shared library C:\Users\admin\.jdks\openjdk-18.0.2.1\bin\sqljdbc_auth.dll


Dynamic libraries:
0x00007ff6ac210000 - 0x00007ff6ac21e000 	C:\Users\admin\.jdks\openjdk-18.0.2.1\bin\java.exe
0x00007ffb03cb0000 - 0x00007ffb03ea4000 	C:\Windows\SYSTEM32\ntdll.dll
0x00007ffb03060000 - 0x00007ffb0311d000 	C:\Windows\System32\KERNEL32.DLL
0x00007ffb014b0000 - 0x00007ffb01777000 	C:\Windows\System32\KERNELBASE.dll
0x00007ffb01bf0000 - 0x00007ffb01cf0000 	C:\Windows\System32\ucrtbase.dll
0x00007ffae6930000 - 0x00007ffae694a000 	C:\Users\admin\.jdks\openjdk-18.0.2.1\bin\VCRUNTIME140.dll
0x00007ffae6800000 - 0x00007ffae6817000 	C:\Users\admin\.jdks\openjdk-18.0.2.1\bin\jli.dll
0x00007ffb031f0000 - 0x00007ffb03390000 	C:\Windows\System32\USER32.dll
0x00007ffae1aa0000 - 0x00007ffae1d3a000 	C:\Windows\WinSxS\amd64_microsoft.windows.common-controls_6595b64144ccf1df_6.0.19041.1_none_b555e41d4684ddec\COMCTL32.dll
0x00007ffb01780000 - 0x00007ffb017a2000 	C:\Windows\System32\win32u.dll
0x00007ffb01f90000 - 0x00007ffb0202e000 	C:\Windows\System32\msvcrt.dll
0x00007ffb036e0000 - 0x00007ffb0370a000 	C:\Windows\System32\GDI32.dll
0x00007ffb017b0000 - 0x00007ffb018b9000 	C:\Windows\System32\gdi32full.dll
0x00007ffb019a0000 - 0x00007ffb01a3d000 	C:\Windows\System32\msvcp_win.dll
0x00007ffb03030000 - 0x00007ffb03060000 	C:\Windows\System32\IMM32.DLL
0x00007ffae8660000 - 0x00007ffae866c000 	C:\Users\admin\.jdks\openjdk-18.0.2.1\bin\vcruntime140_1.dll
0x00007ffad58f0000 - 0x00007ffad597d000 	C:\Users\admin\.jdks\openjdk-18.0.2.1\bin\msvcp140.dll
0x00007ffa8a1c0000 - 0x00007ffa8add1000 	C:\Users\admin\.jdks\openjdk-18.0.2.1\bin\server\jvm.dll
0x00007ffb03ae0000 - 0x00007ffb03b8a000 	C:\Windows\System32\ADVAPI32.dll
0x00007ffb03a40000 - 0x00007ffb03adb000 	C:\Windows\System32\sechost.dll
0x00007ffb01d20000 - 0x00007ffb01e43000 	C:\Windows\System32\RPCRT4.dll
0x00007ffb01e50000 - 0x00007ffb01e58000 	C:\Windows\System32\PSAPI.DLL
0x00007ffae0ea0000 - 0x00007ffae0ec7000 	C:\Windows\SYSTEM32\WINMM.dll
0x00007ffaf9ca0000 - 0x00007ffaf9ca9000 	C:\Windows\SYSTEM32\WSOCK32.dll
0x00007ffb03120000 - 0x00007ffb0318b000 	C:\Windows\System32\WS2_32.dll
0x00007ffaf62b0000 - 0x00007ffaf62ba000 	C:\Windows\SYSTEM32\VERSION.dll
0x00007ffaffd10000 - 0x00007ffaffd23000 	C:\Windows\SYSTEM32\kernel.appcore.dll
0x00007ffae8460000 - 0x00007ffae846a000 	C:\Users\admin\.jdks\openjdk-18.0.2.1\bin\jimage.dll
0x00007ffaff860000 - 0x00007ffaffa44000 	C:\Windows\SYSTEM32\DBGHELP.DLL
0x00007ffaeed20000 - 0x00007ffaeed4c000 	C:\Windows\SYSTEM32\dbgcore.DLL
0x00007ffb01920000 - 0x00007ffb0199f000 	C:\Windows\System32\bcryptPrimitives.dll
0x00007ffae8410000 - 0x00007ffae841e000 	C:\Users\admin\.jdks\openjdk-18.0.2.1\bin\instrument.dll
0x00007ffada3b0000 - 0x00007ffada3d5000 	C:\Users\admin\.jdks\openjdk-18.0.2.1\bin\java.dll
0x00007ffad55f0000 - 0x00007ffad56c6000 	C:\Users\admin\.jdks\openjdk-18.0.2.1\bin\jsvml.dll
0x00007ffb02560000 - 0x00007ffb02c91000 	C:\Windows\System32\SHELL32.dll
0x00007ffafb660000 - 0x00007ffafbdea000 	C:\Windows\SYSTEM32\windows.storage.dll
0x00007ffb02cc0000 - 0x00007ffb03014000 	C:\Windows\System32\combase.dll
0x00007ffb00e80000 - 0x00007ffb00eab000 	C:\Windows\SYSTEM32\Wldp.dll
0x00007ffb03990000 - 0x00007ffb03a3e000 	C:\Windows\System32\SHCORE.dll
0x00007ffb02030000 - 0x00007ffb02085000 	C:\Windows\System32\shlwapi.dll
0x00007ffb01340000 - 0x00007ffb0135f000 	C:\Windows\SYSTEM32\profapi.dll
0x00007ffada390000 - 0x00007ffada3a8000 	C:\Users\admin\.jdks\openjdk-18.0.2.1\bin\zip.dll
0x00007ffada270000 - 0x00007ffada283000 	C:\Users\admin\.jdks\openjdk-18.0.2.1\bin\net.dll
0x00007ffaf8f50000 - 0x00007ffaf9050000 	C:\Windows\SYSTEM32\WINHTTP.dll
0x00007ffb00c00000 - 0x00007ffb00c6a000 	C:\Windows\system32\mswsock.dll
0x00007ffada1c0000 - 0x00007ffada1d6000 	C:\Users\admin\.jdks\openjdk-18.0.2.1\bin\nio.dll
0x00007ffad57f0000 - 0x00007ffad580a000 	C:\Program Files\JetBrains\IntelliJ IDEA Community Edition 2022.2.1\bin\breakgen64.dll
0x00007ffb008f0000 - 0x00007ffb009ba000 	C:\Windows\SYSTEM32\DNSAPI.dll
0x00007ffb008a0000 - 0x00007ffb008db000 	C:\Windows\SYSTEM32\IPHLPAPI.DLL
0x00007ffb03020000 - 0x00007ffb03029000 	C:\Windows\System32\NSI.dll
0x00007ffaf60c0000 - 0x00007ffaf60ca000 	C:\Windows\System32\rasadhlp.dll
0x00007ffaf5d40000 - 0x00007ffaf5dbf000 	C:\Windows\System32\fwpuclnt.dll
0x00007ffb01cf0000 - 0x00007ffb01d17000 	C:\Windows\System32\bcrypt.dll
0x00007ffb00de0000 - 0x00007ffb00df8000 	C:\Windows\SYSTEM32\CRYPTSP.dll
0x00007ffb00520000 - 0x00007ffb00554000 	C:\Windows\system32\rsaenh.dll
0x00007ffb01300000 - 0x00007ffb0132e000 	C:\Windows\SYSTEM32\USERENV.dll
0x00007ffb00dd0000 - 0x00007ffb00ddc000 	C:\Windows\SYSTEM32\CRYPTBASE.dll
0x00007ffaf7e80000 - 0x00007ffaf7e97000 	C:\Windows\SYSTEM32\dhcpcsvc6.DLL
0x00007ffaf7e60000 - 0x00007ffaf7e7d000 	C:\Windows\SYSTEM32\dhcpcsvc.DLL
0x00007ffae7970000 - 0x00007ffae797e000 	C:\Users\admin\.jdks\openjdk-18.0.2.1\bin\sunmscapi.dll
0x00007ffb01a90000 - 0x00007ffb01bed000 	C:\Windows\System32\CRYPT32.dll
0x00007ffb00ef0000 - 0x00007ffb00f17000 	C:\Windows\SYSTEM32\ncrypt.dll
0x00007ffb00eb0000 - 0x00007ffb00eeb000 	C:\Windows\SYSTEM32\NTASN1.dll
0x00007ffad55a0000 - 0x00007ffad55eb000 	C:\Users\admin\.jdks\openjdk-18.0.2.1\bin\sqljdbc_auth.dll
0x00007ffb01e60000 - 0x00007ffb01f89000 	C:\Windows\System32\ole32.dll
0x00007ffae8150000 - 0x00007ffae815c000 	C:\Windows\system32\secur32.dll
0x00007ffb012c0000 - 0x00007ffb012f1000 	C:\Windows\SYSTEM32\SSPICLI.DLL
0x00007ffb00cc0000 - 0x00007ffb00dcc000 	C:\Windows\system32\kerberos.DLL
0x00007ffb01000000 - 0x00007ffb01012000 	C:\Windows\SYSTEM32\MSASN1.dll
0x00007ffb00b70000 - 0x00007ffb00bfa000 	C:\Windows\system32\msv1_0.DLL
0x00007ffb00b50000 - 0x00007ffb00b63000 	C:\Windows\SYSTEM32\NtlmShared.dll
0x00007ffb00c70000 - 0x00007ffb00c85000 	C:\Windows\SYSTEM32\cryptdll.dll
0x00007ffaedb90000 - 0x00007ffaedbba000 	C:\Windows\system32\ntdsapi.dll
0x00007ffaa8e60000 - 0x00007ffaa8e77000 	C:\Windows\system32\napinsp.dll
0x00007ffaa8e40000 - 0x00007ffaa8e5b000 	C:\Windows\system32\pnrpnsp.dll
0x00007ffac4ed0000 - 0x00007ffac4ee5000 	C:\Windows\system32\wshbth.dll
0x00007ffaf9270000 - 0x00007ffaf928d000 	C:\Windows\system32\NLAapi.dll
0x00007ffaa8cf0000 - 0x00007ffaa8d02000 	C:\Windows\System32\winrnr.dll

dbghelp: loaded successfully - version: 4.0.5 - missing functions: none
symbol engine: initialized successfully - sym options: 0x614 - pdb path: .;C:\Users\admin\.jdks\openjdk-18.0.2.1\bin;C:\Windows\SYSTEM32;C:\Windows\WinSxS\amd64_microsoft.windows.common-controls_6595b64144ccf1df_6.0.19041.1_none_b555e41d4684ddec;C:\Users\admin\.jdks\openjdk-18.0.2.1\bin\server;C:\Program Files\JetBrains\IntelliJ IDEA Community Edition 2022.2.1\bin

VM Arguments:
jvm_args: -javaagent:C:\Program Files\JetBrains\IntelliJ IDEA Community Edition 2022.2.1\lib\idea_rt.jar=62869:C:\Program Files\JetBrains\IntelliJ IDEA Community Edition 2022.2.1\bin -Dfile.encoding=UTF-8 -Dsun.stdout.encoding=UTF-8 -Dsun.stderr.encoding=UTF-8 
java_command: Main
java_class_path (initial): C:\Users\admin\IdeaProjects\lab4-8\out\production\lab4-8;C:\Users\admin\Desktop\sqljdbc4.jar
Launcher Type: SUN_STANDARD

[Global flags]
     intx CICompilerCount                          = 4                                         {product} {ergonomic}
     uint ConcGCThreads                            = 2                                         {product} {ergonomic}
     uint G1ConcRefinementThreads                  = 8                                         {product} {ergonomic}
   size_t G1HeapRegionSize                         = 2097152                                   {product} {ergonomic}
    uintx GCDrainStackTargetSize                   = 64                                        {product} {ergonomic}
   size_t InitialHeapSize                          = 266338304                                 {product} {ergonomic}
   size_t MarkStackSize                            = 4194304                                   {product} {ergonomic}
   size_t MaxHeapSize                              = 4234149888                                {product} {ergonomic}
   size_t MaxNewSize                               = 2539651072                                {product} {ergonomic}
   size_t MinHeapDeltaBytes                        = 2097152                                   {product} {ergonomic}
   size_t MinHeapSize                              = 8388608                                   {product} {ergonomic}
    uintx NonNMethodCodeHeapSize                   = 5839372                                {pd product} {ergonomic}
    uintx NonProfiledCodeHeapSize                  = 122909434                              {pd product} {ergonomic}
    uintx ProfiledCodeHeapSize                     = 122909434                              {pd product} {ergonomic}
    uintx ReservedCodeCacheSize                    = 251658240                              {pd product} {ergonomic}
     bool SegmentedCodeCache                       = true                                      {product} {ergonomic}
   size_t SoftMaxHeapSize                          = 4234149888                             {manageable} {ergonomic}
     bool UseCompressedClassPointers               = true                           {product lp64_product} {ergonomic}
     bool UseCompressedOops                        = true                           {product lp64_product} {ergonomic}
     bool UseG1GC                                  = true                                      {product} {ergonomic}
     bool UseLargePagesIndividualAllocation        = false                                  {pd product} {ergonomic}

Logging:
Log output configuration:
 #0: stdout all=warning uptime,level,tags foldmultilines=false
 #1: stderr all=off uptime,level,tags foldmultilines=false

Environment Variables:
PATH=C:\Program Files (x86)\Embarcadero\Studio\22.0\bin;C:\Users\Public\Documents\Embarcadero\Studio\22.0\Bpl;C:\Program Files (x86)\Embarcadero\Studio\22.0\bin64;C:\Users\Public\Documents\Embarcadero\Studio\22.0\Bpl\Win64;C:\Program Files (x86)\Embarcadero\Studio\21.0\bin;C:\Users\Public\Documents\Embarcadero\Studio\21.0\Bpl;C:\Program Files (x86)\Embarcadero\Studio\21.0\bin64;C:\Users\Public\Documents\Embarcadero\Studio\21.0\Bpl\Win64;C:\ProgramData\Oracle\Java\javapath;C:\Windows\system32;C:\Windows;C:\Windows\System32\Wbem;C:\Windows\System32\WindowsPowerShell\v1.0\;C:\Windows\System32\OpenSSH\;C:\Program Files\dotnet\;C:\Program Files\Azure Data Studio\bin;C:\Program Files (x86)\Microsoft SQL Server\150\DTS\Binn\;C:\Program Files\Microsoft SQL Server\Client SDK\ODBC\170\Tools\Binn\;C:\Program Files (x86)\Microsoft SQL Server\150\Tools\Binn\;C:\Program Files\Microsoft SQL Server\150\Tools\Binn\;C:\Program Files\Microsoft SQL Server\150\DTS\Binn\;C:\Users\admin\AppData\Local\Microsoft\WindowsApps;C:\Users\admin\.dotnet\tools;C:\Program Files\Azure Data Studio\bin
USERNAME=admin
OS=Windows_NT
PROCESSOR_IDENTIFIER=Intel64 Family 6 Model 140 Stepping 1, GenuineIntel



---------------  S Y S T E M  ---------------

OS:
 Windows 10 , 64 bit Build 19041 (10.0.19041.207)
OS uptime: 21 days 1:59 hours

CPU: total 8 (initial active 8) (4 cores per cpu, 2 threads per core) family 6 model 140 stepping 1 microcode 0x66, cx8, cmov, fxsr, ht, mmx, 3dnowpref, sse, sse2, sse3, ssse3, sse4.1, sse4.2, popcnt, lzcnt, tsc, tscinvbit, avx, avx2, aes, erms, clmul, bmi1, bmi2, adx, avx512f, avx512dq, avx512cd, avx512bw, avx512vl, sha, fma, vzeroupper, avx512_vpopcntdq, avx512_vpclmulqdq, avx512_vaes, avx512_vnni, clflush, clflushopt, clwb, avx512_vbmi2, avx512_vbmi

Memory: 4k page, system-wide physical 16149M (6231M free)
TotalPageFile size 18581M (AvailPageFile size 4743M)
current process WorkingSet (physical memory assigned to process): 66M, peak: 66M
current process commit charge ("private bytes"): 356M, peak: 356M

vm_info: OpenJDK 64-Bit Server VM (18.0.2.1+1-1) for windows-amd64 JRE (18.0.2.1+1-1), built on Aug 16 2022 01:44:29 by "mach5one" with MS VC++ 16.8 / 16.9 (VS2019)

END.
